This is pdfTeX, Version 3.1415926-2.5-1.40.14 (TeX Live 2013) (format=latex 2013.11.24)  5 MAY 2014 23:00
entering extended mode
 restricted \write18 enabled.
 %&-line parsing enabled.
**xcolor.ins
(./xcolor.ins
LaTeX2e <2011/06/27>
Babel <3.9g> and hyphenation patterns for 78 languages loaded.
(/usr/local/texlive/2013/texmf-dist/tex/latex/base/docstrip.tex
\blockLevel=\count79
\emptyLines=\count80
\processedLines=\count81
\commentsRemoved=\count82
\commentsPassed=\count83
\codeLinesPassed=\count84
\TotalprocessedLines=\count85
\TotalcommentsRemoved=\count86
\TotalcommentsPassed=\count87
\TotalcodeLinesPassed=\count88
\NumberOfFiles=\count89
\inFile=\read1
\inputcheck=\read2
\off@0=\count90
\off@1=\count91
\off@2=\count92
\off@3=\count93
\off@4=\count94
\off@5=\count95
\off@6=\count96
\off@7=\count97
\off@8=\count98
\off@9=\count99
\off@10=\count100
\off@11=\count101
\off@12=\count102
\off@13=\count103
\off@14=\count104
\off@15=\count105
\@maxfiles=\count106
\@maxoutfiles=\count107

Utility: `docstrip' 2.5d <2005/07/29>
English documentation    <1999/03/31>

**********************************************************
* This program converts documented macro-files into fast *
* loadable files by stripping off (nearly) all comments! *
**********************************************************

********************************************************
* No Configuration file found, using default settings. *
********************************************************

(./xcolor.ins

Generating file(s) ./xcolor.lox 
\openout0 = `./xcolor.lox'.


Processing file xcolor.dtx (extract) -> xcolor.lox
% <*package > <*extract|driver|test1|test2|test3|test4 . . > % % % % % % % % %
% % % % % % % % % % % % % % % % % % % % % % % % % % % % % % % % <*batchfile .
. . . . . . . . > % <*driver . . . . . . . . . . . . . . . . . . . . . . . . .
. . > % <*extract . . . . . . . . . . . . . . . . . . . . . . . . . > % % % %
% % % % % % % % % % % % % % % % % % % % % % % % % % % % % % % % % % % % % % %
% % % % % % % % % % % % % % % % % % % % % % % % % % % % % % % % % % % % % % %
% % % % % % % % % % % % % % % % % % % % % % % % % % % % % % % % % % % % % % %
% % % % % % % % % % % % % % % % % % % % % % % % % % % % % % % % % % % % % % %
% % % % % % % % % % % % % % % % % % % % % % % % % % % % % % % % % % % % % % %
% % % % % % % % % % % % % % % % % % % % % % % % % % % % % % % % % % % % % % %
% % % % % % % % % % % % % % % % % % % % % % % % % % % % % % % % % % % % % % %
% % % % % % % % % % % % % % % % % % % % % % % % % % % % % % % % % % % % % % %
% % % % % % % % % % % % % % % % % % % % % % % % % % % % % % % % % % % % % % %
% % % % % % % % % % % % % % % % % % % % % % % % % % % % % % % % % % % % % % %
% % % % % % % % % % % % % % % % % % % % % % % % % % % % % % % % % % % % % % %
% % % % % % % % % % % % % % % % % % % % % % % % % % % % % % % % % % % % % % %
% % % % % % % % % % % % % % % % % % % % % % % % % % % % % % % % % % % % % % %
% % % % % % % % % % % % % % % % % % % % % % % % % % % % % % % % % % % % % % %
% % % % % % % % % % % % % % % % % % % % % % % % % % % % % % % % % % % % % % %
% % % % % % % % % % % % % % % % % % % % % % % % % % % % % % % % % % % % % % %
% % % % % % % % % % % % % % % % % % % % % % % % % % % % % % % % % % % % % % %
% % % % % % % % % % % % % % % % % % % % % % % % % % % % % % % % % % % % % % %
% % % % % % % % % % % % % % % % % % % % % % % % % % % % % % % % % % % % % % %
% % % % % % % % % % % % % % % % % % % % % % % % % % % % % % % % % % % % % % %
% % % % % % % % % % % % % % % % % % % % % % % % % % % % % % % % % % % % % % %
% % % % % % % % % % % % % % % % % % % % % % % % % % % % % % % % % % % % % % %
% % % % % % % % % % % % % % % % % % % % % % % % % % % % % % % % % % % % % % %
% % % % % % % % % % % % % % % % % % % % % % % % % % % % % % % % % % % % % % %
% % % % % % % % % % % % % % % % % % % % % % % % % % % % % % % % % % % % % % %
% % % % % % % % % % % % % % % % % % % % % % % % % % % % % % % % % % % % % % %
% % % % % % % % % % % % % % % % % % % % % % % % % % % % % % % % % % % % % % %
% % % % % % % % % % % % % % % % % % % % % % % % % % % % % % % % % % % % % % %
% % % % % % % % % % % % % % % % % % % % % % % % % % % % % % % % % % % % % % %
% % % % % % % % % % % % % % % % % % % % % % % % % % % % % % % % % % % % % % %
% % % % % % % % % % % % % % % % % % % % % % % % % % % % % % % % % % % % % % %
% % % % % % % % % % % % % % % % % % % % % % % % % % % % % % % % % % % % % % %
% % % % % % % % % % % % % % % % % % % % % % % % % % % % % % % % % % % % % % %
% % % % % % % % % % % % % % % % % % % % % % % % % % % % % % % % % % % % % % %
% % % % % % % % % % % % % % % % % % % % % % % % % % % % % % % % % % % % % % %
% % % % % % % % % % % % % % % % % % % % % % % % % % % % % % % % % % % % % % %
% % % % % % % % % % % % % % % % % % % % % % % % % % % % % % % % % % % % % % %
% % % % % % % % % % % % % % % % % % % % % % % % % % % % % % % % % % % % % % %
% % % % % % % % % % % % % % % % % % % % % % % % % % % % % % % % % % % % % % %
% % % % % % % % % % % % % % % % % % % % % % % % % % % % % % % % % % % % % % %
% % % % % % % % % % % % % % % % % % % % % % % % % % % % % % % % % % % % % % %
% % % % % % % % % % % % % % % % % % % % % % % % % % % % % % % % % % % % % % %
% % % % % % % % % % % % % % % % % % % % % % % % % % % % % % % % % % % % % % %
% % % % % % % % % % % % % % % % % % % % % % % % % % % % % % % % % % % % % % %
% % % % % % % % % % % % % % % % % % % % % % % % % % % % % % % % % % % % % % %
% % % % % % % % % % % % % % % % % % % % % % % % % % % % % % % % % % % % % % %
% % % % % % % % % % % % % % % % % % % % % % % % % % % % % % % % % % % % % % %
% % % % % % % % % % % % % % % % % % % % % % % % % % % % % % % % % % % % % % %
% % % % % % % % % % % % % % % % % % % % % % % % % % % % % % % % % % % % % % %
% % % % % % % % % % % % % % % % % % % % % % % % % % % % % % % % % % % % % % %
% % % % % % % % % % % % % % % % % % % % % % % % % % % % % % % % % % % % % % %
% % % % % % % % % % % % % % % % % % % % % % % % % % % % % % % % % % % % % % %
% % % % % % % % % % % % % % % % % % % % % % % % % % % % % % % % % % % % % % %
% % % % % % % % % % % % % % % % % % % % % % % % % % % % % % % % % % % % % % %
% % % % % % % % % % % % % % % % % % % % % % % % % % % % % % % % % % % % % % %
% % % % % % % % % % % % % % % % % % % % % % % % % % % % % % % % % % % % % % %
% % % % % % % % % % % % % % % % % % % % % % % % % % % % % % % % % % % % % % %
% % % % % % % % % % % % % % % % % % % % % % % % % % % % % % % % % % % % % % %
% % % % % % % % % % % % % % % % % % % % % % % % % % % % % % % % % % % % % % %
% % % % % % % % % % % % % % % % % % % % % % % % % % % % % % % % % % % % % % %
% % % % % % % % % % % % % % % % % % % % % % % % % % % % % % % % % % % % % % %
% % % % % % % % % % % % % % % % % % % % % % % % % % % % % % % % % % % % % % %
% % % % % % % % % % % % % % % % % % % % % % % % % % % % % % % % % % % % % % %
% % % % % % % % % % % % % % % % % % % % % % % % % % % % % % % % % % % % % % %
% % % % % % % % % % % % % % % % % % % % % % % % % % % % % % % % % % % % % % %
% % % % % % % % % % % % % % % % % % % % % % % % % % % % % % % % % % % % % % %
% % % % % % % % % % % % % % % % % % % % % % % % % % % % % % % % % % % % % % %
% % % % % % % % % % % % % % % % % % % % % % % % % % % % % % % % % % % % % % %
% % % % % % % % % % % % % % % % % % % % % % % % % % % % % % % % % % % % % % %
% % % % % % % % % % % % % % % % % % % % % % % % % % % % % % % % % % % % % % %
% % % % % % % % % % % % % % % % % % % % % % % % % % % % % % % % % % % % % % %
% % % % % % % % % % % % % % % % % % % % % % % % % % % % % % % % % % % % % % %
% % % % % % % % % % % % % % % % % % % % % % % % % % % % % % % % % % % % % % %
% % % % % % % % % % % % % % % % % % % % % % % % % % % % % % % % % % % % % % %
% % % % % % % % % % % % % % % % % % % % % % % % % % % % % % % % % % % % % % %
% % % % % % % % % % % % % % % % % % % % % % % % % % % % % % % % % % % % % % %
% % % % % % % % % % % % % % % % % % % % % % % % % % % % % % % % % % % % % % %
% % % % % % % % % % % % % % % % % % % % % % % % % % % % % % % % % % % % % % %
% % % % % % % % % % % % % % % % % % % % % % % % % % % % % % % % % % % % % % %
% % % % % % % % % % % % % % % % % % % % % % % % % % % % % % % % % % % % % % %
% % % % % % % % % % % % % % % % % % % % % % % % % % % % % % % % % % % % % % %
% % % % % % % % % % % % % % % % % % % % % % % % % % % % % % % % % % % % % % %
% % % % % % % % % % % % % % % % % % % % % % % % % % % % % % % % % % % % % % %
% % % % % % % % % % % % % % % % % % % % % % % % % % % % % % % % % % % % % % %
% % % % % % % % % % % % % % % % % % % % % % % % % % % % % % % % % % % % % % %
% % % % % % % % % % % % % % % % % % % % % % % % % % % % % % % % % % % % % % %
% % % % % % % % % % % % % % % % % % <*package % % % % % . % % % % % % % % . .
. . . . . . . . . . . . . . . . . % % % % . . . . . . % % % % % % % % . % % %
% % % % % % . % % % % % % . % % % % % % . % % % % % % . % % % % % % % . . % %
% % % % % % . . % % % % % % % % . . % % % % % % % % % % % . . . % % % % % % %
% % % % . . . % % % % % % % % % % % % % % . % % % % % % . % % % % % % % % . %
% % % % % % . % % % % % % % % . % % % % % % % % . . . . % % % % % % % % % % %
% % . . . . . . . . . . . . . . . . . . . . % % % % % % % % % % % % % . . . .
% % % % % % % % % . . . . . % % % % % % % % % % . . . . . % % % % % % % % % %
. % % % % % % % . . . % % % % % % . % % % % % % % . . . % % % % % % % % % % .
. . . . . . . . . % % % % % % % % % % % % % % % % % % % % % % . . % % % . . .
. . % % % % % % % % % % % % % % % % % % % % . . . . . . . . % % % % % % % % .
% % % % % % % % . . % % % % % % % % . . . . . . . % % % % . . . . . . . % % %
% % % % . % % % % . % % % % % % % % % % % % . . . . . . . . . . . % % % % % %
% % % % % % % % % % . % % % % . . . . . . % % % % . . . % % % % . . . . % % %
% % % % % . % % % % . . % % % % . % % % % . . % % % % . . . . % % % % % % % %
. % % % % % . . % % % % % . . . . . . . . . . . . . % % % % % % % % % . . % %
% % % % % . . . . . . . . . . . % % % % % . . . % % % . . . . . . . . . . . .
% % % % . % % % % % % % % % % % . . % % % % % % % % % % % . . % % % % % % % %
% % % . % % % . . . . . . % % % % % % % . . % % % % % % . . . . % % % % % % .
% % % % % % . . . . . % % % % % % % % % % % % . . . . % % % % % % % % % % . .
. . % % % % % % % % % % % % . . . % % % % . . . . % % % % . . % % % % % % % %
% % % . . . . . . . % % % % % % % % % % % . . . . . . . . . . . . . . . . . %
% % . . . . % % % % % % % . . . . . . . . . . . . . % % % . . . . . . % % % %
% % % % . . % % % % % % % % % . . . . . % % % % % % % % % . . % % % % % % % %
% . . % % % % % % % % % % . . . . . . . % % % % % . . % % % % % % % % % % . .
. % % % % % % % . . . . . . % % % . % % % % % % % . % % % . . . % % % % % % %
. % % % . % % % % % % % . % % % . . % % % % % % % % . . . . % % % . . % % % %
% % % % . . . . . . . % % % % % % % % . . . % % % % % % % % . % % % % % % % .
. % % % % % % % . . % % % % . . . . . . % % % % % % % . . . . % % % % % % % %
. . . % % % % % % % . . % % % % . % % % % % % % % % . % % % % . . . % % % % .
% % % % % % % % . % % % % % % % . . . . . . % % % % % % % % . . . . % % % % %
% % . . . . . . . . . % % % % % % % % % % % % % % % . . . . . % % % % % % % %
% % . % % % % % % . % % % % % % . % % % % % . . . . . . . % % % % % % % . . %
% % % % % % % % % % % % % % % % % % % % % % . . . % % % . . . . . . . . . . .
. . . . . . % % % % . . % % % % . . . . . . . . . . . . % % % % . . . . . . .
% % % % % % % % % % % % % % % % % % % % % . . . . . . . . . . . . . . . % % %
% % . . . . % % % . . . % % % . . . % % % % % % % . . % % % % % % . % % % % %
% % . % % % % % % % . . . % % % . . . . . . % % % % % % % % . % % % % % % % .
. . . . % % % % . . . . . . . . . . . . . . . . . . . . . % % % . . . . . . %
% % % % % . . % % % % % % % % % . . . % % % . . . . . . % % % . % % % % % % .
. . % % % . . % % % . . . % % % . . % % % . . . . . . % % % % % % % . . . % %
% % % % % % % % % % . . % % % . . . . . . . . % % % % % % % . . % % % % % % %
. . . % % % % % % % % % . . % % % . . % % % . . . . . . . . . . . . . . . . .
% % % % % % . . . . . . . . . . . . . . % % % % % % % % % . . . . % % % . . .
. . . % % % . . . . . % % % % % % % % % % % % % % % . . . . . . . . . . % % %
. . . . . % % % . % % % % % % % % % % % % % % . . . . . . . . . . . . . % % %
. % % % % % % % % % % % % % % % . . % % % % % % % . . . . . . . . . . . . . .
. . . . . . . . % % % . . . . . . % % % % % % % . . . . . . . . . % % % . . .
. % % % . . . . % % % % % % % % % % % . . % % % % % % % % % . . . . % % % % %
% % % % % % . . % % % % % % % % % % % . . . . . % % % % % % . . . . . . % % %
% % % % % . . . . . . . . . . . . . . . % % % % % % % . . . . . % % % % % % %
% % % % % % % % . % % % % . . . . . % % % % % . % % % . . . . . . % % % . . .
. . . % % % % % % % % % . % % % . . . . . . . . . . . . . % % % . % % % % % .
. % % % % . . . . . . . . . . . . . . % % % % % % % % % % % % % . . . . . . .
. . % % % . . . . . . . . . . . . . . . . . . . . . . . . . . . % % % % % % %
% . . % % % % % . . % % % % % % . . % % % % % % % . . . . % % % % % % % % % %
. . . . . . . % % % % % % % . . . . . . . . . . . . % % % % % % . % % % % % %
. . . % % % % % % % . . . . . . % % % % % % % . . . . . . . . . . . % % % % %
% % % % % . . % % % % % % % % % % . % % % . % % % . . . . . . . . . . . . . .
. . . % % % % % % % . . . . . . . . . . % % % % % % % % % % % . . . % % % % %
% % % % % % % % . . . . . % % % % % % % . . . % % % % % % % % . % % % % % % %
% % % . . % % % . % % % . . . . . . . . . . . . . . . . . . . . . . . . % % %
. . % % % % % % % % . . . . % % % % % % % . . % % % % % % % . % % % % % % . .
. . . . . . . . . . . % % % % % . % % % % % % % % % % . . % % % % % % % . . .
. % % % % % % . % % % % % % . % % % % % % % . % % % % % % % . % % % % % % % %
% % % % % % % % % . . . % % % . . . . . . . . % % % % % % % % % % % % % % % %
% . . . . . . . % % % % % % . . % % % . % % % % % % % . . . . . . . . % % % %
% % % % % % % . . . . . . % % % % % . . . . . % % % % % . % % % % % % % % . .
. . . . . . . % % % % % % . . . . . . . . . . . . . . . . % % % % . . % % % %
. . % % % % . % % % % % % % % % % % % % % % . % % % % % % % % . % % % % % % %
. % % % % % % . % % % % % % . % % % % % % . % % % % % % % % % % % % % . . . .
. . % % % % % % % % . . . . . . . . . . . . % % % % % % . . . . . . . . . . .
. % % % % . . % % % % % % % . . . . . . . . . . . . . . . % % % % % % . . . .
. . . . % % % % % % . . . . . . % % % % % % . . % % % % % % % . . . . . . . %
% % % % % % . . . . . . . % % % . . . % % % % % % % . . . . . . . . % % % % %
% . . % % % % % % % . . . . . . % % % % . . % % % % % % % . . . . . . . . . .
. . % % % % % % . . % % % % % % . . . . . . . . . . . . . % % % % % % % . . %
% % % % % % . . . % % % . . % % % % % % % . . . % % % % % % . . % % % % % % .
. . . . % % % % % % . . . . . . . . . . % % % % % % % . . . % % % % % % . . .
. . . . . . . % % % % % % % . . % % % % % % % . . % % % % % % % . . % % % % %
% . . % % % % . . . . . . . . . . . . . % % % % . . . . . . % % % % % % % % .
. . . % % % % % % % % % . . . % % % % % % . . . . . . . . . . . % % % % % % %
% % % % % % % % % % % . . . . . . . . . . . . . . . % % % . . % % % % % % % .
% % % % % % % % % . . % % % % % % . % % % % % % . . . % % % % % % % . . . . .
% % % % % % % . . . . . . . . . . . % % % % % % % % % % % % . . . . . . . % %
% % % % % % % % % % % % % % % % % % % % % % % . . % % % % % % % . . . . . . .
. % % % % % % . . . . . . . . % % % % % % % % % % . . . . . . . . . % % % % .
% % % % . . % % % % % % % % % % % . % % % % % % % % % % . % % % % % % . % % %
% % % % % % % % % % . . . . . . . % % % . . . . . . % % % . . . . . . . . . .
. % % % . % % % % % % % % % % % % % % % % . . . . . . . . . . . % % % % % . .
. . . % % % % . . . . . . % % % % . % % % % % % % . . . % % % . . > % % % % %
% % % % % % % <*dvips . . . . % % % % . % % % % . % % % % . . . . . % % % % .
. % % % % % . . % % % % . % % % % % % . . % % % % % % % . . . . % % % % % % %
. . . % % % % . > % % % % % % % % % %
<*svgnames|x11names|hksknames|hksnnames|hksznames|pmsnames|ralnames . > %
<*svgnames . . . . . . . . . . . . . . . . . . . . . . . . . . . . . . . . . .
. . . . . . . . . . . . . . . . . . . . . . . . . . . . . . . . . . . . . . .
. . . . . . . . . . . . . . . . . . . . . . . . . . . . . . . . . . . . . . .
. . . . . . . . . . . . . . . . . . . . . . . . . . . . . . . . . . . . . . .
. > % <*x11names . . . . . . . . . . . . . . . . . . . . . . . . . . . . . . .
. . . . . . . . . . . . . . . . . . . . . . . . . . . . . . . . . . . . . . .
. . . . . . . . . . . . . . . . . . . . . . . . . . . . . . . . . . . . . . .
. . . . . . . . . . . . . . . . . . . . . . . . . . . . . . . . . . . . . . .
. . . . . . . . . . . . . . . . . . . . . . . . . . . . . . . . . . . . . . .
. . . . . . . . . . . . . . . . . . . . . . . . . . . . . . . . . . . . . . .
. . . . . . . . . . . . . . . . . . . . . . . . . . . . . . . . . . . . . . .
. . . . . . . . . . . . . . . . . . . . . . . . . . . . . . . . . . . . . . .
. . . . . . . . . . . . . . > % <*test1 . . . . . . . . . . . . . . . . . . .
. . . . . . . . . . . . . . . . . . . . . . . . . . . . . . . . . . . . . . .
. . . . . . . . . . . . . . . . . . . . . . . . . . . . . . . . . . . . . . .
. . . . . . . . . . . . . . . . . . . . . . . . . . . . . . . . . . . . . . .
. . . . . . . . . . . > % <*test2 . . . . . . . . . . . . . . . . . . . . . .
. . . . . . . . . . . . . . . . . . . . . . . . . . . . . . . . . . . . . . .
. . . . . . . . . . . . . . . . . . . . . . . . . . . . . . . . . . . . . . .
. . . . . . . . . . . . . . . . . . . . . > % <*test3 . . . . . . . . . . . .
. . . . . . . . . . . . . . . . . . . . . . . . . . . . . . . . . . . . . . .
. . . . . . . . . . . . . . . . . . . . . . . . . . . . . . . . . . . . . . .
. . . . . . . . . . . . . . . . . . . . . . . . . . . . . . . . . . . . . . .
. . . . . . . . . . . . . . . . . . . . . . . . . . . . . . . . . . . . . . .
. . . . . . . . . . . . . . . . . . . . . . . . . . . . . . . . . . > %
<*test4 . . . . . . . . . . . . . . . . . . . . . . . . . . . . . . . . . . .
. . . . . . . . . . . . . . . . . . . . . . . . . . . . . . . . . . . . . . .
. . . . . . . . . . . . . . . . . . . . . . . . . . . . . . . . . . . . . . .
. . . . . . . . . . . . . . . . . . . . . . . . . . > % %
File xcolor.dtx ended by \endinput.
Lines  processed: 8292
Comments removed: 5613
Comments  passed: 76
Codelines passed: 2575

(./xcolor.lox

Generating file(s) ./xcolor.sty ./svgnam.def ./x11nam.def ./xcolor1.tex ./xcolo
r2.tex ./xcolor3.tex ./xcolor4.tex ./xcolor.pro 
\openout0 = `./xcolor.sty'.

\openout1 = `./svgnam.def'.

\openout2 = `./x11nam.def'.

\openout3 = `./xcolor1.tex'.

\openout4 = `./xcolor2.tex'.

\openout5 = `./xcolor3.tex'.

\openout6 = `./xcolor4.tex'.

\openout7 = `./xcolor.pro'.


Processing file xcolor.dtx (package) -> xcolor.sty
                           (svgnames) -> svgnam.def
                           (x11names) -> x11nam.def
                           (test1) -> xcolor1.tex
                           (test2) -> xcolor2.tex
                           (test3) -> xcolor3.tex
                           (test4) -> xcolor4.tex
                           (dvips) -> xcolor.pro
% <*package > <*extract|driver|test1|test2|test3|test4 . . > % % % % % % % % %
% % % % % % % % % % % % % % % % % % % % % % % % % % % % % % % % <*batchfile .
. . . . . . . . > % <*driver . . . . . . . . . . . . . . . . . . . . . . . . .
. . > % <*extract . . . . . . . . . . . . . . . . . . . . . . . . . > % % % %
% % % % % % % % % % % % % % % % % % % % % % % % % % % % % % % % % % % % % % %
% % % % % % % % % % % % % % % % % % % % % % % % % % % % % % % % % % % % % % %
% % % % % % % % % % % % % % % % % % % % % % % % % % % % % % % % % % % % % % %
% % % % % % % % % % % % % % % % % % % % % % % % % % % % % % % % % % % % % % %
% % % % % % % % % % % % % % % % % % % % % % % % % % % % % % % % % % % % % % %
% % % % % % % % % % % % % % % % % % % % % % % % % % % % % % % % % % % % % % %
% % % % % % % % % % % % % % % % % % % % % % % % % % % % % % % % % % % % % % %
% % % % % % % % % % % % % % % % % % % % % % % % % % % % % % % % % % % % % % %
% % % % % % % % % % % % % % % % % % % % % % % % % % % % % % % % % % % % % % %
% % % % % % % % % % % % % % % % % % % % % % % % % % % % % % % % % % % % % % %
% % % % % % % % % % % % % % % % % % % % % % % % % % % % % % % % % % % % % % %
% % % % % % % % % % % % % % % % % % % % % % % % % % % % % % % % % % % % % % %
% % % % % % % % % % % % % % % % % % % % % % % % % % % % % % % % % % % % % % %
% % % % % % % % % % % % % % % % % % % % % % % % % % % % % % % % % % % % % % %
% % % % % % % % % % % % % % % % % % % % % % % % % % % % % % % % % % % % % % %
% % % % % % % % % % % % % % % % % % % % % % % % % % % % % % % % % % % % % % %
% % % % % % % % % % % % % % % % % % % % % % % % % % % % % % % % % % % % % % %
% % % % % % % % % % % % % % % % % % % % % % % % % % % % % % % % % % % % % % %
% % % % % % % % % % % % % % % % % % % % % % % % % % % % % % % % % % % % % % %
% % % % % % % % % % % % % % % % % % % % % % % % % % % % % % % % % % % % % % %
% % % % % % % % % % % % % % % % % % % % % % % % % % % % % % % % % % % % % % %
% % % % % % % % % % % % % % % % % % % % % % % % % % % % % % % % % % % % % % %
% % % % % % % % % % % % % % % % % % % % % % % % % % % % % % % % % % % % % % %
% % % % % % % % % % % % % % % % % % % % % % % % % % % % % % % % % % % % % % %
% % % % % % % % % % % % % % % % % % % % % % % % % % % % % % % % % % % % % % %
% % % % % % % % % % % % % % % % % % % % % % % % % % % % % % % % % % % % % % %
% % % % % % % % % % % % % % % % % % % % % % % % % % % % % % % % % % % % % % %
% % % % % % % % % % % % % % % % % % % % % % % % % % % % % % % % % % % % % % %
% % % % % % % % % % % % % % % % % % % % % % % % % % % % % % % % % % % % % % %
% % % % % % % % % % % % % % % % % % % % % % % % % % % % % % % % % % % % % % %
% % % % % % % % % % % % % % % % % % % % % % % % % % % % % % % % % % % % % % %
% % % % % % % % % % % % % % % % % % % % % % % % % % % % % % % % % % % % % % %
% % % % % % % % % % % % % % % % % % % % % % % % % % % % % % % % % % % % % % %
% % % % % % % % % % % % % % % % % % % % % % % % % % % % % % % % % % % % % % %
% % % % % % % % % % % % % % % % % % % % % % % % % % % % % % % % % % % % % % %
% % % % % % % % % % % % % % % % % % % % % % % % % % % % % % % % % % % % % % %
% % % % % % % % % % % % % % % % % % % % % % % % % % % % % % % % % % % % % % %
% % % % % % % % % % % % % % % % % % % % % % % % % % % % % % % % % % % % % % %
% % % % % % % % % % % % % % % % % % % % % % % % % % % % % % % % % % % % % % %
% % % % % % % % % % % % % % % % % % % % % % % % % % % % % % % % % % % % % % %
% % % % % % % % % % % % % % % % % % % % % % % % % % % % % % % % % % % % % % %
% % % % % % % % % % % % % % % % % % % % % % % % % % % % % % % % % % % % % % %
% % % % % % % % % % % % % % % % % % % % % % % % % % % % % % % % % % % % % % %
% % % % % % % % % % % % % % % % % % % % % % % % % % % % % % % % % % % % % % %
% % % % % % % % % % % % % % % % % % % % % % % % % % % % % % % % % % % % % % %
% % % % % % % % % % % % % % % % % % % % % % % % % % % % % % % % % % % % % % %
% % % % % % % % % % % % % % % % % % % % % % % % % % % % % % % % % % % % % % %
% % % % % % % % % % % % % % % % % % % % % % % % % % % % % % % % % % % % % % %
% % % % % % % % % % % % % % % % % % % % % % % % % % % % % % % % % % % % % % %
% % % % % % % % % % % % % % % % % % % % % % % % % % % % % % % % % % % % % % %
% % % % % % % % % % % % % % % % % % % % % % % % % % % % % % % % % % % % % % %
% % % % % % % % % % % % % % % % % % % % % % % % % % % % % % % % % % % % % % %
% % % % % % % % % % % % % % % % % % % % % % % % % % % % % % % % % % % % % % %
% % % % % % % % % % % % % % % % % % % % % % % % % % % % % % % % % % % % % % %
% % % % % % % % % % % % % % % % % % % % % % % % % % % % % % % % % % % % % % %
% % % % % % % % % % % % % % % % % % % % % % % % % % % % % % % % % % % % % % %
% % % % % % % % % % % % % % % % % % % % % % % % % % % % % % % % % % % % % % %
% % % % % % % % % % % % % % % % % % % % % % % % % % % % % % % % % % % % % % %
% % % % % % % % % % % % % % % % % % % % % % % % % % % % % % % % % % % % % % %
% % % % % % % % % % % % % % % % % % % % % % % % % % % % % % % % % % % % % % %
% % % % % % % % % % % % % % % % % % % % % % % % % % % % % % % % % % % % % % %
% % % % % % % % % % % % % % % % % % % % % % % % % % % % % % % % % % % % % % %
% % % % % % % % % % % % % % % % % % % % % % % % % % % % % % % % % % % % % % %
% % % % % % % % % % % % % % % % % % % % % % % % % % % % % % % % % % % % % % %
% % % % % % % % % % % % % % % % % % % % % % % % % % % % % % % % % % % % % % %
% % % % % % % % % % % % % % % % % % % % % % % % % % % % % % % % % % % % % % %
% % % % % % % % % % % % % % % % % % % % % % % % % % % % % % % % % % % % % % %
% % % % % % % % % % % % % % % % % % % % % % % % % % % % % % % % % % % % % % %
% % % % % % % % % % % % % % % % % % % % % % % % % % % % % % % % % % % % % % %
% % % % % % % % % % % % % % % % % % % % % % % % % % % % % % % % % % % % % % %
% % % % % % % % % % % % % % % % % % % % % % % % % % % % % % % % % % % % % % %
% % % % % % % % % % % % % % % % % % % % % % % % % % % % % % % % % % % % % % %
% % % % % % % % % % % % % % % % % % % % % % % % % % % % % % % % % % % % % % %
% % % % % % % % % % % % % % % % % % % % % % % % % % % % % % % % % % % % % % %
% % % % % % % % % % % % % % % % % % % % % % % % % % % % % % % % % % % % % % %
% % % % % % % % % % % % % % % % % % % % % % % % % % % % % % % % % % % % % % %
% % % % % % % % % % % % % % % % % % % % % % % % % % % % % % % % % % % % % % %
% % % % % % % % % % % % % % % % % % % % % % % % % % % % % % % % % % % % % % %
% % % % % % % % % % % % % % % % % % % % % % % % % % % % % % % % % % % % % % %
% % % % % % % % % % % % % % % % % % % % % % % % % % % % % % % % % % % % % % %
% % % % % % % % % % % % % % % % % % % % % % % % % % % % % % % % % % % % % % %
% % % % % % % % % % % % % % % % % % % % % % % % % % % % % % % % % % % % % % %
% % % % % % % % % % % % % % % % % % % % % % % % % % % % % % % % % % % % % % %
% % % % % % % % % % % % % % % % % % % % % % % % % % % % % % % % % % % % % % %
% % % % % % % % % % % % % % % % % % % % % % % % % % % % % % % % % % % % % % %
% % % % % % % % % % % % % % % % % % % % % % % % % % % % % % % % % % % % % % %
% % % % % % % % % % % % % % % % % % <*package % % % % % . % % % % % % % % . .
. . . . . . . . . . . . . . . . . % % % % . . . . . . % % % % % % % % . % % %
% % % % % % . % % % % % % . % % % % % % . % % % % % % . % % % % % % % . . % %
% % % % % % . . % % % % % % % % . . % % % % % % % % % % % . . . % % % % % % %
% % % % . . . % % % % % % % % % % % % % % . % % % % % % . % % % % % % % % . %
% % % % % % . % % % % % % % % . % % % % % % % % . . . . % % % % % % % % % % %
% % . . . . . . . . . . . . . . . . . . . . % % % % % % % % % % % % % . . . .
% % % % % % % % % . . . . . % % % % % % % % % % . . . . . % % % % % % % % % %
. % % % % % % % . . . % % % % % % . % % % % % % % . . . % % % % % % % % % % .
. . . . . . . . . % % % % % % % % % % % % % % % % % % % % % % . . % % % . . .
. . % % % % % % % % % % % % % % % % % % % % . . . . . . . . % % % % % % % % .
% % % % % % % % . . % % % % % % % % . . . . . . . % % % % . . . . . . . % % %
% % % % . % % % % . % % % % % % % % % % % % . . . . . . . . . . . % % % % % %
% % % % % % % % % % . % % % % . . . . . . % % % % . . . % % % % . . . . % % %
% % % % % . % % % % . . % % % % . % % % % . . % % % % . . . . % % % % % % % %
. % % % % % . . % % % % % . . . . . . . . . . . . . % % % % % % % % % . . % %
% % % % % . . . . . . . . . . . % % % % % . . . % % % . . . . . . . . . . . .
% % % % . % % % % % % % % % % % . . % % % % % % % % % % % . . % % % % % % % %
% % % . % % % . . . . . . % % % % % % % . . % % % % % % . . . . % % % % % % .
% % % % % % . . . . . % % % % % % % % % % % % . . . . % % % % % % % % % % . .
. . % % % % % % % % % % % % . . . % % % % . . . . % % % % . . % % % % % % % %
% % % . . . . . . . % % % % % % % % % % % . . . . . . . . . . . . . . . . . %
% % . . . . % % % % % % % . . . . . . . . . . . . . % % % . . . . . . % % % %
% % % % . . % % % % % % % % % . . . . . % % % % % % % % % . . % % % % % % % %
% . . % % % % % % % % % % . . . . . . . % % % % % . . % % % % % % % % % % . .
. % % % % % % % . . . . . . % % % . % % % % % % % . % % % . . . % % % % % % %
. % % % . % % % % % % % . % % % . . % % % % % % % % . . . . % % % . . % % % %
% % % % . . . . . . . % % % % % % % % . . . % % % % % % % % . % % % % % % % .
. % % % % % % % . . % % % % . . . . . . % % % % % % % . . . . % % % % % % % %
. . . % % % % % % % . . % % % % . % % % % % % % % % . % % % % . . . % % % % .
% % % % % % % % . % % % % % % % . . . . . . % % % % % % % % . . . . % % % % %
% % . . . . . . . . . % % % % % % % % % % % % % % % . . . . . % % % % % % % %
% % . % % % % % % . % % % % % % . % % % % % . . . . . . . % % % % % % % . . %
% % % % % % % % % % % % % % % % % % % % % % . . . % % % . . . . . . . . . . .
. . . . . . % % % % . . % % % % . . . . . . . . . . . . % % % % . . . . . . .
% % % % % % % % % % % % % % % % % % % % % . . . . . . . . . . . . . . . % % %
% % . . . . % % % . . . % % % . . . % % % % % % % . . % % % % % % . % % % % %
% % . % % % % % % % . . . % % % . . . . . . % % % % % % % % . % % % % % % % .
. . . . % % % % . . . . . . . . . . . . . . . . . . . . . % % % . . . . . . %
% % % % % . . % % % % % % % % % . . . % % % . . . . . . % % % . % % % % % % .
. . % % % . . % % % . . . % % % . . % % % . . . . . . % % % % % % % . . . % %
% % % % % % % % % % . . % % % . . . . . . . . % % % % % % % . . % % % % % % %
. . . % % % % % % % % % . . % % % . . % % % . . . . . . . . . . . . . . . . .
% % % % % % . . . . . . . . . . . . . . % % % % % % % % % . . . . % % % . . .
. . . % % % . . . . . % % % % % % % % % % % % % % % . . . . . . . . . . % % %
. . . . . % % % . % % % % % % % % % % % % % % . . . . . . . . . . . . . % % %
. % % % % % % % % % % % % % % % . . % % % % % % % . . . . . . . . . . . . . .
. . . . . . . . % % % . . . . . . % % % % % % % . . . . . . . . . % % % . . .
. % % % . . . . % % % % % % % % % % % . . % % % % % % % % % . . . . % % % % %
% % % % % % . . % % % % % % % % % % % . . . . . % % % % % % . . . . . . % % %
% % % % % . . . . . . . . . . . . . . . % % % % % % % . . . . . % % % % % % %
% % % % % % % % . % % % % . . . . . % % % % % . % % % . . . . . . % % % . . .
. . . % % % % % % % % % . % % % . . . . . . . . . . . . . % % % . % % % % % .
. % % % % . . . . . . . . . . . . . . % % % % % % % % % % % % % . . . . . . .
. . % % % . . . . . . . . . . . . . . . . . . . . . . . . . . . % % % % % % %
% . . % % % % % . . % % % % % % . . % % % % % % % . . . . % % % % % % % % % %
. . . . . . . % % % % % % % . . . . . . . . . . . . % % % % % % . % % % % % %
. . . % % % % % % % . . . . . . % % % % % % % . . . . . . . . . . . % % % % %
% % % % % . . % % % % % % % % % % . % % % . % % % . . . . . . . . . . . . . .
. . . % % % % % % % . . . . . . . . . . % % % % % % % % % % % . . . % % % % %
% % % % % % % % . . . . . % % % % % % % . . . % % % % % % % % . % % % % % % %
% % % . . % % % . % % % . . . . . . . . . . . . . . . . . . . . . . . . % % %
. . % % % % % % % % . . . . % % % % % % % . . % % % % % % % . % % % % % % . .
. . . . . . . . . . . % % % % % . % % % % % % % % % % . . % % % % % % % . . .
. % % % % % % . % % % % % % . % % % % % % % . % % % % % % % . % % % % % % % %
% % % % % % % % % . . . % % % . . . . . . . . % % % % % % % % % % % % % % % %
% . . . . . . . % % % % % % . . % % % . % % % % % % % . . . . . . . . % % % %
% % % % % % % . . . . . . % % % % % . . . . . % % % % % . % % % % % % % % . .
. . . . . . . % % % % % % . . . . . . . . . . . . . . . . % % % % . . % % % %
. . % % % % . % % % % % % % % % % % % % % % . % % % % % % % % . % % % % % % %
. % % % % % % . % % % % % % . % % % % % % . % % % % % % % % % % % % % . . . .
. . % % % % % % % % . . . . . . . . . . . . % % % % % % . . . . . . . . . . .
. % % % % . . % % % % % % % . . . . . . . . . . . . . . . % % % % % % . . . .
. . . . % % % % % % . . . . . . % % % % % % . . % % % % % % % . . . . . . . %
% % % % % % . . . . . . . % % % . . . % % % % % % % . . . . . . . . % % % % %
% . . % % % % % % % . . . . . . % % % % . . % % % % % % % . . . . . . . . . .
. . % % % % % % . . % % % % % % . . . . . . . . . . . . . % % % % % % % . . %
% % % % % % . . . % % % . . % % % % % % % . . . % % % % % % . . % % % % % % .
. . . . % % % % % % . . . . . . . . . . % % % % % % % . . . % % % % % % . . .
. . . . . . . % % % % % % % . . % % % % % % % . . % % % % % % % . . % % % % %
% . . % % % % . . . . . . . . . . . . . % % % % . . . . . . % % % % % % % % .
. . . % % % % % % % % % . . . % % % % % % . . . . . . . . . . . % % % % % % %
% % % % % % % % % % % . . . . . . . . . . . . . . . % % % . . % % % % % % % .
% % % % % % % % % . . % % % % % % . % % % % % % . . . % % % % % % % . . . . .
% % % % % % % . . . . . . . . . . . % % % % % % % % % % % % . . . . . . . % %
% % % % % % % % % % % % % % % % % % % % % % % . . % % % % % % % . . . . . . .
. % % % % % % . . . . . . . . % % % % % % % % % % . . . . . . . . . % % % % .
% % % % . . % % % % % % % % % % % . % % % % % % % % % % . % % % % % % . % % %
% % % % % % % % % % . . . . . . . % % % . . . . . . % % % . . . . . . . . . .
. % % % . % % % % % % % % % % % % % % % % . . . . . . . . . . . % % % % % . .
. . . % % % % . . . . . . % % % % . % % % % % % % . . . % % % . . > % % % % %
% % % % % % % <*dvips . . . . % % % % . % % % % . % % % % . . . . . % % % % .
. % % % % % . . % % % % . % % % % % % . . % % % % % % % . . . . % % % % % % %
. . . % % % % . > % % % % % % % % % %
<*svgnames|x11names|hksknames|hksnnames|hksznames|pmsnames|ralnames . > %
<*svgnames . . . . . . . . . . . . . . . . . . . . . . . . . . . . . . . . . .
. . . . . . . . . . . . . . . . . . . . . . . . . . . . . . . . . . . . . . .
. . . . . . . . . . . . . . . . . . . . . . . . . . . . . . . . . . . . . . .
. . . . . . . . . . . . . . . . . . . . . . . . . . . . . . . . . . . . . . .
. > % <*x11names . . . . . . . . . . . . . . . . . . . . . . . . . . . . . . .
. . . . . . . . . . . . . . . . . . . . . . . . . . . . . . . . . . . . . . .
. . . . . . . . . . . . . . . . . . . . . . . . . . . . . . . . . . . . . . .
. . . . . . . . . . . . . . . . . . . . . . . . . . . . . . . . . . . . . . .
. . . . . . . . . . . . . . . . . . . . . . . . . . . . . . . . . . . . . . .
. . . . . . . . . . . . . . . . . . . . . . . . . . . . . . . . . . . . . . .
. . . . . . . . . . . . . . . . . . . . . . . . . . . . . . . . . . . . . . .
. . . . . . . . . . . . . . . . . . . . . . . . . . . . . . . . . . . . . . .
. . . . . . . . . . . . . . > % <*test1 . . . . . . . . . . . . . . . . . . .
. . . . . . . . . . . . . . . . . . . . . . . . . . . . . . . . . . . . . . .
. . . . . . . . . . . . . . . . . . . . . . . . . . . . . . . . . . . . . . .
. . . . . . . . . . . . . . . . . . . . . . . . . . . . . . . . . . . . . . .
. . . . . . . . . . . > % <*test2 . . . . . . . . . . . . . . . . . . . . . .
. . . . . . . . . . . . . . . . . . . . . . . . . . . . . . . . . . . . . . .
. . . . . . . . . . . . . . . . . . . . . . . . . . . . . . . . . . . . . . .
. . . . . . . . . . . . . . . . . . . . . > % <*test3 . . . . . . . . . . . .
. . . . . . . . . . . . . . . . . . . . . . . . . . . . . . . . . . . . . . .
. . . . . . . . . . . . . . . . . . . . . . . . . . . . . . . . . . . . . . .
. . . . . . . . . . . . . . . . . . . . . . . . . . . . . . . . . . . . . . .
. . . . . . . . . . . . . . . . . . . . . . . . . . . . . . . . . . . . . . .
. . . . . . . . . . . . . . . . . . . . . . . . . . . . . . . . . . > %
<*test4 . . . . . . . . . . . . . . . . . . . . . . . . . . . . . . . . . . .
. . . . . . . . . . . . . . . . . . . . . . . . . . . . . . . . . . . . . . .
. . . . . . . . . . . . . . . . . . . . . . . . . . . . . . . . . . . . . . .
. . . . . . . . . . . . . . . . . . . . . . . . . . > % %
File xcolor.dtx ended by \endinput.
Lines  processed: 8292
Comments removed: 5613
Comments  passed: 76
Codelines passed: 2575

)
Overall statistics:
Files  processed: 2
Lines  processed: 16584
Comments removed: 11226
Comments  passed: 152
Codelines passed: 5150
 ) ) ) 
Here is how much of TeX's memory you used:
 404 strings out of 493309
 4116 string characters out of 6137847
 60035 words of memory out of 5000000
 3945 multiletter control sequences out of 15000+600000
 3640 words of font info for 14 fonts, out of 8000000 for 9000
 957 hyphenation exceptions out of 8191
 20i,0n,16p,757b,228s stack positions out of 5000i,500n,10000p,200000b,80000s

No pages of output.
